2021-12-03 15:55:51:  Split Statistics: Number of files: 0  |  Number of bytes: 0  |  Number of lines: 0  |  Number of tuples: 0
2021-12-03 15:55:51:  Processing input file ./Test/pg345.txt
2021-12-03 15:55:51:  Processing input file ./Test/all.txt1
2021-12-03 15:55:51:  Processing input file ./Test/all.txt2
2021-12-03 15:55:51:  Processing input file ./Test/all.txt0
2021-12-03 15:55:51:  Processing input file ./Test/16-0.txt
2021-12-03 15:55:51:  Processing input file ./Test/2814-0.txt
2021-12-03 15:55:51:  Processing input file ./Test/pg20203.txt
2021-12-03 15:55:51:  Processing input file ./Test/pg42.txt
2021-12-03 15:55:51:  Processing input file ./Test/test1.txt
2021-12-03 15:55:51:  Map Statistics: Number of input tuples: 0  |  Number of output tuples: 0  |  Number of bytes: 0
2021-12-03 15:55:51:  Suffle Statistics:  Number of tuples: 0  |  Number of keys: 0
2021-12-03 15:55:51:  Processing input file ./Test/pg1497.txt
2021-12-03 15:55:51:  Processing input file ./Test/2600-0.txt
2021-12-03 15:55:51:  Processing input file ./Test/all.txt2
2021-12-03 15:55:51:  Processing input file ./Test/74-0.txt
2021-12-03 15:55:51:  Processing input file ./Test/pg2701.txt
2021-12-03 15:55:51:  Processing input file ./Test/Beowulf.txt
2021-12-03 15:55:51:  Processing input file ./Test/all.txt1
2021-12-03 15:55:51:  Processing input file ./Test/SherlockHolmes.txt
2021-12-03 15:55:51:  Processing input file ./Test/all.txt0
2021-12-03 15:55:51:  Processing input file ./Test/pg6130.txt
2021-12-03 15:55:51:  Processing input file ./Test/big.txt
2021-12-03 15:55:51:  Processing input file ./Test/135-0.txt
2021-12-03 15:55:51:  Processing input file ./Test/test12.txt
2021-12-03 15:55:51:  Processing input file ./Test/pg5200.txt
2021-12-03 15:55:51:  Processing input file ./Test/4300-0.txt
2021-12-03 15:55:51:  Processing input file ./Test/41-0.txt
2021-12-03 15:55:51:  Processing input file ./Test/Quijote.txt
2021-12-03 15:55:56:  Split Statistics: Number of files: 26  |  Number of bytes: 70498116  |  Number of lines: 1442091  |  Number of tuples: 1442091
2021-12-03 15:56:01:  Map Statistics: Number of input tuples: 1442091  |  Number of output tuples: 1442091  |  Number of bytes: 70498116
2021-12-03 15:56:46:  Suffle Statistics:  Number of tuples: 12733782  |  Number of keys: 12733782
2021-12-03 15:56:46:  Reduce Statistics:  Number of keys: 0  |  Number of ocurrences: 0  |  Number of bytes: 0
2021-12-03 15:56:48:  Reduce Statistics:  Number of keys: 102906  |  Number of ocurrences: 11939124  |  Number of bytes: 800163
